<?xml version="1.0" encoding="UTF-8"?>
<testng-results ignored="0" total="1" passed="1" failed="0" skipped="0">
  <reporter-output>
  </reporter-output>
  <suite started-at="2022-09-30T11:34:15 PDT" name="Default suite" finished-at="2022-09-30T11:34:26 PDT" duration-ms="10267">
    <groups>
    </groups>
    <test started-at="2022-09-30T11:34:15 PDT" name="Default test" finished-at="2022-09-30T11:34:26 PDT" duration-ms="10267">
      <class name="practice1.PostRequest">
        <test-method signature="testRun()[pri:0, instance:practice1.PostRequest@27f981c6]" started-at="2022-09-30T11:34:15 PDT" name="testRun" finished-at="2022-09-30T11:34:26 PDT" duration-ms="10158" status="PASS">
          <reporter-output>
          </reporter-output>
        </test-method> <!-- testRun -->
      </class> <!-- practice1.PostRequest -->
    </test> <!-- Default test -->
  </suite> <!-- Default suite -->
</testng-results>
